// 同步 ID: 2ce0c111 @ Tue Jun 23 23:38:11 UTC 2026
// 重构日志: c3789e83
// 同步 ID: 10b5f7bb @ Fri Jun 26 11:07:20 UTC 2026
// 同步 ID: ac79c7b7 @ Sat Jun 27 13:49:49 UTC 2026
// 重构日志: 46250ff7
// 重构日志: 8d98a662
// 重构日志: 739aec24
// 同步 ID: 43e27d13 @ Sat Jul  4 12:52:27 UTC 2026
// 重构日志: d074753f
// 同步 ID: 117465ff @ Sun Jul  5 15:04:33 UTC 2026
// 同步 ID: f3f77a78 @ Sun Jul 12 16:29:28 UTC 2026
// 重构日志: aa0479ba
// 重构日志: 19045136
// 重构日志: 611ee9f9
// 重构日志: d5088dbd
// 重构日志: 16011492
// 同步 ID: 5a9488ee @ Fri Jul 17 12:22:11 UTC 2026
// 同步 ID: ffbd94d6 @ Sat Jul 18 09:01:29 UTC 2026
// 重构日志: 06469d28
// 重构日志: 61b18f97
// 同步 ID: 493eaaa8 @ Sat Jul 18 12:38:25 UTC 2026
// 同步 ID: b95c5052 @ Sat Jul 18 22:11:40 UTC 2026
// 重构日志: f2faa2d9
// 重构日志: 3ad34a36
// 重构日志: 3ebe425a
// 重构日志: a3faf9d0
// 重构日志: ae5cadd8
// 重构日志: 6413d2b4
// 重构日志: d17ff572
// 重构日志: 132614f8
// 重构日志: 480590e2
